[     173ms] [LOG] Loading the deferred stylesheets @ https://trg.list-assist.service.justice.gov.uk/casehqtraining/CMSHomeAction.do:109
[     173ms] [LOG] adding deferred stylesheet - /casehqtraining/css/mcms-custom.css @ https://trg.list-assist.service.justice.gov.uk/casehqtraining/CMSHomeAction.do:116
[   83052ms] [LOG] Loading the deferred stylesheets @ https://trg.list-assist.service.justice.gov.uk/casehqtraining/vue/HomePage/init.action?XSRF-TOKEN=271e3595-61dc-45af-9388-16e8112685ae:135
[   83052ms] [LOG] adding deferred stylesheet - /casehqtraining/css/mcms-custom.css @ https://trg.list-assist.service.justice.gov.uk/casehqtraining/vue/HomePage/init.action?XSRF-TOKEN=271e3595-61dc-45af-9388-16e8112685ae:142
[   83189ms] [WARNING] [Vue-Multiselect warn]: ClearOnSelect and Multiple props can’t be both set to false. @ https://trg.list-assist.service.justice.gov.uk/casehqtraining/vue/lib/vue-multiselect.min.js:0
[   83190ms] [WARNING] [Vue-Multiselect warn]: ClearOnSelect and Multiple props can’t be both set to false. @ https://trg.list-assist.service.justice.gov.uk/casehqtraining/vue/lib/vue-multiselect.min.js:0
[   83190ms] [WARNING] [Vue-Multiselect warn]: ClearOnSelect and Multiple props can’t be both set to false. @ https://trg.list-assist.service.justice.gov.uk/casehqtraining/vue/lib/vue-multiselect.min.js:0
[   83528ms] [WARNING] [Vue-Multiselect warn]: ClearOnSelect and Multiple props can’t be both set to false. @ https://trg.list-assist.service.justice.gov.uk/casehqtraining/vue/lib/vue-multiselect.min.js:0
[   83669ms] [WARNING] [Vue-Multiselect warn]: ClearOnSelect and Multiple props can’t be both set to false. @ https://trg.list-assist.service.justice.gov.uk/casehqtraining/vue/lib/vue-multiselect.min.js:0
[   83670ms] [WARNING] [Vue-Multiselect warn]: ClearOnSelect and Multiple props can’t be both set to false. @ https://trg.list-assist.service.justice.gov.uk/casehqtraining/vue/lib/vue-multiselect.min.js:0
[   83671ms] [WARNING] [Vue-Multiselect warn]: ClearOnSelect and Multiple props can’t be both set to false. @ https://trg.list-assist.service.justice.gov.uk/casehqtraining/vue/lib/vue-multiselect.min.js:0
[   83672ms] [WARNING] [Vue-Multiselect warn]: ClearOnSelect and Multiple props can’t be both set to false. @ https://trg.list-assist.service.justice.gov.uk/casehqtraining/vue/lib/vue-multiselect.min.js:0
[   83673ms] [WARNING] [Vue-Multiselect warn]: ClearOnSelect and Multiple props can’t be both set to false. @ https://trg.list-assist.service.justice.gov.uk/casehqtraining/vue/lib/vue-multiselect.min.js:0
[   83676ms] [WARNING] [Vue-Multiselect warn]: ClearOnSelect and Multiple props can’t be both set to false. @ https://trg.list-assist.service.justice.gov.uk/casehqtraining/vue/lib/vue-multiselect.min.js:0
[   83677ms] [WARNING] [Vue-Multiselect warn]: ClearOnSelect and Multiple props can’t be both set to false. @ https://trg.list-assist.service.justice.gov.uk/casehqtraining/vue/lib/vue-multiselect.min.js:0
[   83677ms] [WARNING] [Vue-Multiselect warn]: ClearOnSelect and Multiple props can’t be both set to false. @ https://trg.list-assist.service.justice.gov.uk/casehqtraining/vue/lib/vue-multiselect.min.js:0
[  142182ms] [WARNING] [Vue-Multiselect warn]: ClearOnSelect and Multiple props can’t be both set to false. @ https://trg.list-assist.service.justice.gov.uk/casehqtraining/vue/lib/vue-multiselect.min.js:0
[  142183ms] [WARNING] [Vue-Multiselect warn]: ClearOnSelect and Multiple props can’t be both set to false. @ https://trg.list-assist.service.justice.gov.uk/casehqtraining/vue/lib/vue-multiselect.min.js:0
[  142184ms] [WARNING] [Vue-Multiselect warn]: ClearOnSelect and Multiple props can’t be both set to false. @ https://trg.list-assist.service.justice.gov.uk/casehqtraining/vue/lib/vue-multiselect.min.js:0
[  142184ms] [WARNING] [Vue-Multiselect warn]: ClearOnSelect and Multiple props can’t be both set to false. @ https://trg.list-assist.service.justice.gov.uk/casehqtraining/vue/lib/vue-multiselect.min.js:0
[  142198ms] [LOG] Loading the deferred stylesheets @ https://trg.list-assist.service.justice.gov.uk/casehqtraining/vue/Html5ResourceScheduler/init.action?XSRF-TOKEN=271e3595-61dc-45af-9388-16e8112685ae:137
[  142198ms] [LOG] adding deferred stylesheet - /casehqtraining/css/mcms-custom.css @ https://trg.list-assist.service.justice.gov.uk/casehqtraining/vue/Html5ResourceScheduler/init.action?XSRF-TOKEN=271e3595-61dc-45af-9388-16e8112685ae:144
[  199444ms] [WARNING] [Vue-Multiselect warn]: ClearOnSelect and Multiple props can’t be both set to false. @ https://trg.list-assist.service.justice.gov.uk/casehqtraining/vue/lib/vue-multiselect.min.js:0
[  199445ms] [WARNING] [Vue-Multiselect warn]: ClearOnSelect and Multiple props can’t be both set to false. @ https://trg.list-assist.service.justice.gov.uk/casehqtraining/vue/lib/vue-multiselect.min.js:0
[  640441ms] [LOG] Loading the deferred stylesheets @ https://trg.list-assist.service.justice.gov.uk/casehqtraining/VenueBooking.do?method=initaliseBooking&venueBookingId=0&bookingDateNew=09-Apr-2026&location=1901&sessionTime=LOC&locality=1900&XSRF-TOKEN=271e3595-61dc-45af-9388-16e8112685ae:181
[  640441ms] [LOG] adding deferred stylesheet - /casehqtraining/css/mcms-custom.css @ https://trg.list-assist.service.justice.gov.uk/casehqtraining/VenueBooking.do?method=initaliseBooking&venueBookingId=0&bookingDateNew=09-Apr-2026&location=1901&sessionTime=LOC&locality=1900&XSRF-TOKEN=271e3595-61dc-45af-9388-16e8112685ae:188
